<?xml version="1.0" encoding="UTF-8"?>
<testsuite name="com.kepler.Example1Test" tests="1" skipped="0" failures="0" errors="0" timestamp="2016-07-08T23:03:00" hostname="ir000814" time="0.002">
  <properties/>
  <testcase name="testBubbleSort" classname="com.kepler.Example1Test" time="0.002"/>
  <system-out><![CDATA[[7, 1, 6, 3]
[1, 3, 6, 7]
]]></system-out>
  <system-err><![CDATA[]]></system-err>
</testsuite>
